<?xml version="1.0" encoding="UTF-8"?>
<!-- Generated by org.testng.reporters.JUnitReportReporter -->
<testsuite hostname="IT-SANTOSHB" name="in.easypay.generictest.Easypay_TranactionApprovalTest" tests="2" failures="0" timestamp="4 Apr 2019 12:08:45 GMT" time="63.244" errors="0">
  <testcase name="Easy_Search_tranRequest_ID_002" time="58.668" classname="in.easypay.generictest.Easypay_TranactionApprovalTest"/>
  <testcase name="Easy_Requesttransaction_negivation" time="4.576" classname="in.easypay.generictest.Easypay_TranactionApprovalTest"/>
</testsuite> <!-- in.easypay.generictest.Easypay_TranactionApprovalTest -->
