<?xml version="1.0" encoding="UTF-8"?>
<!-- Generated by org.testng.reporters.JUnitReportReporter -->
<testsuite hostname="IT-VivekK" name="in.dishtv.Activation.PhoenixLoginLogoutTest" tests="1" failures="0" timestamp="27 Nov 2019 06:19:31 GMT" time="20.014" errors="0">
  <testcase name="phoenixLoginValidUseridValidPassword" time="20.014" classname="in.dishtv.Activation.PhoenixLoginLogoutTest"/>
</testsuite> <!-- in.dishtv.Activation.PhoenixLoginLogoutTest -->
