<?xml version="1.0" encoding="UTF-8"?>
<!-- Generated by org.testng.reporters.JUnitReportReporter -->
<testsuite hostname="IT-VivekK" name="in.dishtv.Activation.Phoenix_Activation_Data_Test" tests="1" failures="0" timestamp="26 Aug 2021 07:08:28 GMT" time="18.434" errors="0">
  <testcase name="WriteActivation_Data" time="18.434" classname="in.dishtv.Activation.Phoenix_Activation_Data_Test"/>
</testsuite> <!-- in.dishtv.Activation.Phoenix_Activation_Data_Test -->
