<?xml version="1.0" encoding="UTF-8"?>
<!-- Generated by org.testng.reporters.JUnitReportReporter -->
<testsuite hostname="WEB-SANTOSHB" name="in.dishtv.Phoenix.PhoenixDashboardBrokenlinkTest" tests="1" failures="0" timestamp="18 Mar 2019 08:53:29 GMT" time="25.118" errors="0">
  <testcase name="Broken_Links_dashboard" time="25.118" classname="in.dishtv.Phoenix.PhoenixDashboardBrokenlinkTest"/>
</testsuite> <!-- in.dishtv.Phoenix.PhoenixDashboardBrokenlinkTest -->
