<?xml version="1.0" encoding="UTF-8"?>
<!-- Generated by org.testng.reporters.JUnitReportReporter -->
<testsuite hostname="IT-VivekK" name="in.dishtv.test.IBloginlogout_test" tests="2" failures="0" timestamp="23 Dec 2019 12:45:45 GMT" time="35.069" errors="0">
  <testcase name="ActivationULRlaunch" time="6.817" classname="in.dishtv.test.IBloginlogout_test"/>
  <testcase name="IBLoginValidUseridValidPassword" time="28.252" classname="in.dishtv.test.IBloginlogout_test"/>
</testsuite> <!-- in.dishtv.test.IBloginlogout_test -->
