<?xml version="1.0" encoding="UTF-8"?>
<!-- Generated by org.testng.reporters.JUnitReportReporter -->
<testsuite hostname="IT-SANTOSHB" name="in.easypay.generictest.Easypay_Fos_Tech_Bal_ReversalTest" tests="2" failures="0" timestamp="4 Apr 2019 12:08:45 GMT" time="4.615" errors="0">
  <testcase name="Easypay_Fos_Tech_Bal_Reversal_navigation" time="4.525" classname="in.easypay.generictest.Easypay_Fos_Tech_Bal_ReversalTest"/>
  <testcase name="Easypay_Fos_Tech_Bal_Reversal" time="0.090" classname="in.easypay.generictest.Easypay_Fos_Tech_Bal_ReversalTest"/>
</testsuite> <!-- in.easypay.generictest.Easypay_Fos_Tech_Bal_ReversalTest -->
