<?xml version="1.0" encoding="UTF-8"?>
<!-- Generated by org.testng.reporters.JUnitReportReporter -->
<testsuite hostname="IT-VivekK" name="in.dishtv.Activation.D2h_Installation_Version_Test" tests="4" failures="0" timestamp="17 Apr 2021 09:06:54 GMT" time="53.561" errors="0">
  <testcase name="countRunstatus" time="0.182" classname="in.dishtv.Activation.D2h_Installation_Version_Test"/>
  <testcase name="check_title" time="15.271" classname="in.dishtv.Activation.D2h_Installation_Version_Test"/>
  <testcase name="Phoenix_Installation_Procss" time="10.242" classname="in.dishtv.Activation.D2h_Installation_Version_Test"/>
  <testcase name="WriteExel" time="27.866" classname="in.dishtv.Activation.D2h_Installation_Version_Test"/>
</testsuite> <!-- in.dishtv.Activation.D2h_Installation_Version_Test -->
