<?xml version="1.0" encoding="UTF-8"?>
<!-- Generated by org.testng.reporters.JUnitReportReporter -->
<testsuite hostname="IT-VivekK" name="in.dishtv.Activation.Prospective_Installation__Call_Test" tests="4" failures="0" timestamp="22 Aug 2019 11:00:25 GMT" time="147.282" errors="0">
  <testcase name="Prospective_icon_click" time="8.271" classname="in.dishtv.Activation.Prospective_Installation__Call_Test"/>
  <testcase name="prospective_installation_login" time="5.045" classname="in.dishtv.Activation.Prospective_Installation__Call_Test"/>
  <testcase name="ActivationULRlaunch" time="3.941" classname="in.dishtv.Activation.Prospective_Installation__Call_Test"/>
  <testcase name="TokenCreation_and_Prospective_details_submition" time="130.025" classname="in.dishtv.Activation.Prospective_Installation__Call_Test"/>
</testsuite> <!-- in.dishtv.Activation.Prospective_Installation__Call_Test -->
