<?xml version="1.0" encoding="UTF-8"?>
<!-- Generated by org.testng.reporters.JUnitReportReporter -->
<testsuite hostname="IT-VivekK" name="in.dishtv.Activation.Trade_add_Installation_Call_Test" tests="3" failures="0" timestamp="11 Jun 2019 12:39:39 GMT" time="119.221" errors="0">
  <testcase name="Negativecases" time="111.394" classname="in.dishtv.Activation.Trade_add_Installation_Call_Test"/>
  <testcase name="installation_GetTittle" time="0.142" classname="in.dishtv.Activation.Trade_add_Installation_Call_Test"/>
  <testcase name="Installation_mousehover" time="7.685" classname="in.dishtv.Activation.Trade_add_Installation_Call_Test"/>
</testsuite> <!-- in.dishtv.Activation.Trade_add_Installation_Call_Test -->
