<?xml version="1.0" encoding="UTF-8"?>
<!-- Generated by org.testng.reporters.JUnitReportReporter -->
<testsuite hostname="IT-VivekK" name="in.dishtv.IB_CRM.IB_CRMVCProcess_Test" tests="5" failures="0" timestamp="27 Jan 2020 07:51:47 GMT" time="208.890" errors="0">
  <testcase name="Swich_off_date" time="25.853" classname="in.dishtv.IB_CRM.IB_CRMVCProcess_Test"/>
  <testcase name="Pack_Name" time="15.541" classname="in.dishtv.IB_CRM.IB_CRMVCProcess_Test"/>
  <testcase name="SOA_Amount" time="15.453" classname="in.dishtv.IB_CRM.IB_CRMVCProcess_Test"/>
  <testcase name="IB_CRM_Page_Navigation" time="141.348" classname="in.dishtv.IB_CRM.IB_CRMVCProcess_Test"/>
  <testcase name="Ren_amt" time="10.695" classname="in.dishtv.IB_CRM.IB_CRMVCProcess_Test"/>
</testsuite> <!-- in.dishtv.IB_CRM.IB_CRMVCProcess_Test -->
