<?xml version="1.0" encoding="UTF-8"?>
<!-- Generated by org.testng.reporters.JUnitReportReporter -->
<testsuite hostname="IT-VivekK" name="in.dishtv.Instant_Recharge_Test.Instant_Recharge_process_Test" tests="1" failures="0" timestamp="4 Jul 2019 11:07:33 GMT" time="113.674" errors="0">
  <testcase name="Instant_Recharge" time="113.674" classname="in.dishtv.Instant_Recharge_Test.Instant_Recharge_process_Test"/>
</testsuite> <!-- in.dishtv.Instant_Recharge_Test.Instant_Recharge_process_Test -->
