<?xml version="1.0" encoding="UTF-8"?>
<!-- Generated by org.testng.reporters.JUnitReportReporter -->
<testsuite skipped="0" hostname="IT-VANSHRAJ2" name="generictest.TestSetup" tests="1" failures="0" timestamp="27 Nov 2018 13:39:20 GMT" time="0.283" errors="0">
  <testcase name="testing" time="0.283" classname="generictest.TestSetup"/>
</testsuite> <!-- generictest.TestSetup -->
