<?xml version="1.0" encoding="UTF-8"?>
<!-- Generated by org.testng.reporters.JUnitReportReporter -->
<testsuite hostname="IT-VivekK" name="in.dishtv.Prospective.IB_Prospective_Token_Test" tests="4" failures="0" timestamp="3 Mar 2021 11:48:03 GMT" time="12.598" errors="0">
  <testcase name="IB_CRM_Page_Navigation" time="11.649" classname="in.dishtv.Prospective.IB_Prospective_Token_Test"/>
  <testcase name="Generate_propsective_Token" time="0.148" classname="in.dishtv.Prospective.IB_Prospective_Token_Test"/>
  <testcase name="IB_Open_propsective_Tokenpage" time="0.137" classname="in.dishtv.Prospective.IB_Prospective_Token_Test"/>
  <testcase name="propsective_Tokenpage_Scenario" time="0.664" classname="in.dishtv.Prospective.IB_Prospective_Token_Test"/>
</testsuite> <!-- in.dishtv.Prospective.IB_Prospective_Token_Test -->
