<?xml version="1.0" encoding="UTF-8"?>
<!-- Generated by org.testng.reporters.JUnitReportReporter -->
<testsuite hostname="IT-VivekK" name="in.dishtv.Activation.D2hAddcustomer_Test" tests="2" failures="0" timestamp="2 Jul 2020 13:04:42 GMT" time="2456.910" errors="0">
  <testcase name="Add_Cust_Normal_URL" time="4.714" classname="in.dishtv.Activation.D2hAddcustomer_Test"/>
  <testcase name="Add_Cust_Normal" time="2452.196" classname="in.dishtv.Activation.D2hAddcustomer_Test"/>
</testsuite> <!-- in.dishtv.Activation.D2hAddcustomer_Test -->
