<?xml version="1.0" encoding="UTF-8"?>
<!-- Generated by org.testng.reporters.JUnitReportReporter -->
<testsuite hostname="IT-VivekK" name="in.dishtv.Activation.D2hIB_test" tests="2" failures="0" timestamp="4 Aug 2021 12:24:39 GMT" time="5.310" errors="0">
  <testcase name="Phoenix_Installation_Procss" time="5.281" classname="in.dishtv.Activation.D2hIB_test"/>
  <testcase name="check_title" time="0.029" classname="in.dishtv.Activation.D2hIB_test"/>
</testsuite> <!-- in.dishtv.Activation.D2hIB_test -->
