<?xml version="1.0" encoding="UTF-8"?>
<!-- Generated by org.testng.reporters.JUnitReportReporter -->
<testsuite hostname="IT-VivekK" name="in.dishtv.Activation.D2h_Installation_IB_Test" tests="2" failures="0" timestamp="4 Aug 2021 09:58:49 GMT" time="39.312" errors="0">
  <testcase name="Phoenix_Installation_Procss" time="36.184" classname="in.dishtv.Activation.D2h_Installation_IB_Test"/>
  <testcase name="check_title" time="3.128" classname="in.dishtv.Activation.D2h_Installation_IB_Test"/>
</testsuite> <!-- in.dishtv.Activation.D2h_Installation_IB_Test -->
