<?xml version="1.0" encoding="UTF-8"?>
<!-- Generated by org.testng.reporters.JUnitReportReporter -->
<testsuite hostname="IT-SANTOSHB" name="in.dishtv.Phoenix.PhoenixLoginLogoutTest" tests="1" failures="0" timestamp="1 Apr 2019 11:36:32 GMT" time="34.833" errors="0">
  <testcase name="phoenixLoginValidUseridValidPassword" time="34.833" classname="in.dishtv.Phoenix.PhoenixLoginLogoutTest"/>
</testsuite> <!-- in.dishtv.Phoenix.PhoenixLoginLogoutTest -->
