<?xml version="1.0" encoding="UTF-8"?>
<!-- Generated by org.testng.reporters.JUnitReportReporter -->
<testsuite hostname="IT-VivekK" name="in.dishtv.Instant_Recharge.Instant_Recharge_process" tests="1" failures="0" timestamp="17 Jun 2019 09:53:59 GMT" time="16.847" errors="0">
  <testcase name="Instant_Recharge_one" time="16.847" classname="in.dishtv.Instant_Recharge.Instant_Recharge_process"/>
</testsuite> <!-- in.dishtv.Instant_Recharge.Instant_Recharge_process -->
