<?xml version="1.0" encoding="UTF-8"?>
<!-- Generated by org.testng.reporters.JUnitReportReporter -->
<testsuite hostname="IT-VivekK" name="in.dishtv.Activation.Phoenix_Activation_Test" tests="3" failures="0" timestamp="5 Mar 2020 08:28:23 GMT" time="33.683" errors="0">
  <testcase name="Phoenix_Activation" time="0.368" classname="in.dishtv.Activation.Phoenix_Activation_Test"/>
  <testcase name="Phoenix_call_Schedule" time="13.146" classname="in.dishtv.Activation.Phoenix_Activation_Test"/>
  <testcase name="Dealer_Login" time="20.169" classname="in.dishtv.Activation.Phoenix_Activation_Test"/>
</testsuite> <!-- in.dishtv.Activation.Phoenix_Activation_Test -->
