<?xml version="1.0" encoding="UTF-8"?>
<!-- Generated by org.testng.reporters.JUnitReportReporter -->
<testsuite hostname="IT-VivekK" name="in.dishtv.Prospective.IB_Prospective_Token_D2h_Test" tests="4" failures="0" timestamp="3 Mar 2021 11:45:33 GMT" time="261.945" errors="0">
  <testcase name="IB_Open_propsective_Tokenpage" time="0.538" classname="in.dishtv.Prospective.IB_Prospective_Token_D2h_Test"/>
  <testcase name="IB_CRM_Page_Navigation" time="12.889" classname="in.dishtv.Prospective.IB_Prospective_Token_D2h_Test"/>
  <testcase name="Generate_propsective_Token" time="174.746" classname="in.dishtv.Prospective.IB_Prospective_Token_D2h_Test"/>
  <testcase name="propsective_Tokenpage_Scenario" time="73.772" classname="in.dishtv.Prospective.IB_Prospective_Token_D2h_Test"/>
</testsuite> <!-- in.dishtv.Prospective.IB_Prospective_Token_D2h_Test -->
