<?xml version="1.0" encoding="UTF-8"?>
<!-- Generated by org.testng.reporters.JUnitReportReporter -->
<testsuite hostname="IT-SANTOSHB" name="in.dishtv.Activation.IB_Add_Installation_Test" tests="3" failures="0" timestamp="27 May 2019 08:29:42 GMT" time="15.816" errors="0">
  <testcase name="click_on_installation_button" time="7.361" classname="in.dishtv.Activation.IB_Add_Installation_Test"/>
  <testcase name="click_customerService" time="7.216" classname="in.dishtv.Activation.IB_Add_Installation_Test"/>
  <testcase name="AddInstallation" time="1.239" classname="in.dishtv.Activation.IB_Add_Installation_Test"/>
</testsuite> <!-- in.dishtv.Activation.IB_Add_Installation_Test -->
