<?xml version="1.0" encoding="UTF-8"?>
<!-- Generated by org.testng.reporters.JUnitReportReporter -->
<testsuite hostname="IT-SANTOSHB" name="in.easypay.generictest.Easypay_Sap_Credit_BalanceTest" tests="2" failures="0" timestamp="4 Apr 2019 12:08:45 GMT" time="105.167" errors="0">
  <testcase name="Easypay_Sap_Credit_BalancePageNavigation" time="86.110" classname="in.easypay.generictest.Easypay_Sap_Credit_BalanceTest"/>
  <testcase name="Easy_Distributor_validate" time="19.057" classname="in.easypay.generictest.Easypay_Sap_Credit_BalanceTest"/>
</testsuite> <!-- in.easypay.generictest.Easypay_Sap_Credit_BalanceTest -->
