<?xml version="1.0" encoding="UTF-8"?>
<!-- Generated by org.testng.reporters.JUnitReportReporter -->
<testsuite hostname="IT-VivekK" name="in.dishtv.Activation.D2h_PhoenixLoginTest" tests="1" failures="0" timestamp="12 Dec 2019 12:34:02 GMT" time="9267.366" errors="0">
  <testcase name="phoenixLoginValidUseridValidPassword" time="9267.366" classname="in.dishtv.Activation.D2h_PhoenixLoginTest"/>
</testsuite> <!-- in.dishtv.Activation.D2h_PhoenixLoginTest -->
