<?xml version="1.0" encoding="UTF-8"?>
<!-- Generated by org.testng.reporters.JUnitReportReporter -->
<testsuite hostname="IT-SANTOSHB" name="in.dishtv.Phoenix.PhoenixTechnicianTrackTest" tests="1" failures="0" timestamp="1 Apr 2019 11:36:32 GMT" time="28.261" errors="0">
  <testcase name="ToverifyTechnicitrack" time="28.261" classname="in.dishtv.Phoenix.PhoenixTechnicianTrackTest"/>
</testsuite> <!-- in.dishtv.Phoenix.PhoenixTechnicianTrackTest -->
