<?xml version="1.0" encoding="UTF-8"?>
<!-- Generated by org.testng.reporters.JUnitReportReporter -->
<testsuite hostname="IT-VivekK" name="in.dishtv.IB_CRM.IBloginlogout_test" tests="2" failures="0" timestamp="10 Dec 2020 06:48:01 GMT" time="3.400" errors="0">
  <testcase name="IBLoginValidUseridValidPassword" time="2.728" classname="in.dishtv.IB_CRM.IBloginlogout_test"/>
  <testcase name="ActivationULRlaunch" time="0.672" classname="in.dishtv.IB_CRM.IBloginlogout_test"/>
</testsuite> <!-- in.dishtv.IB_CRM.IBloginlogout_test -->
