<?xml version="1.0" encoding="UTF-8"?>
<!-- Generated by org.testng.reporters.JUnitReportReporter -->
<testsuite hostname="IT-SANTOSHB" name="in.dishtv.Phoenix.PhoenixServiceHeirarchyTest" tests="1" failures="0" timestamp="1 Apr 2019 11:36:32 GMT" time="1.546" errors="0">
  <testcase name="TocheckserviceHierarchy" time="1.546" classname="in.dishtv.Phoenix.PhoenixServiceHeirarchyTest"/>
</testsuite> <!-- in.dishtv.Phoenix.PhoenixServiceHeirarchyTest -->
