<?xml version="1.0" encoding="UTF-8"?>
<!-- Generated by org.testng.reporters.JUnitReportReporter -->
<testsuite hostname="IT-SANTOSHB" name="in.easypay.generictest.Easypay_FOSDealerTaggingChangeTest" tests="2" failures="0" timestamp="4 Apr 2019 12:08:45 GMT" time="4.541" errors="0">
  <testcase name="Easypay_FOSDealerTaggingChangePageNavigation" time="4.467" classname="in.easypay.generictest.Easypay_FOSDealerTaggingChangeTest"/>
  <testcase name="Easypay_FOSDealerTaggingChange" time="0.074" classname="in.easypay.generictest.Easypay_FOSDealerTaggingChangeTest"/>
</testsuite> <!-- in.easypay.generictest.Easypay_FOSDealerTaggingChangeTest -->
