<?xml version="1.0" encoding="UTF-8"?>
<!-- Generated by org.testng.reporters.JUnitReportReporter -->
<testsuite hostname="IT-VivekK" name="in.dishtv.IB_CRM_D2h.IBloginlogout_test" tests="2" failures="0" timestamp="4 Aug 2021 12:24:39 GMT" time="2.368" errors="0">
  <testcase name="IBLoginValidUseridValidPassword" time="1.859" classname="in.dishtv.IB_CRM_D2h.IBloginlogout_test"/>
  <testcase name="ActivationULRlaunch" time="0.509" classname="in.dishtv.IB_CRM_D2h.IBloginlogout_test"/>
</testsuite> <!-- in.dishtv.IB_CRM_D2h.IBloginlogout_test -->
