<?xml version="1.0" encoding="UTF-8"?>
<!-- Generated by org.testng.reporters.JUnitReportReporter -->
<testsuite hostname="IT-VivekK" name="in.dishtv.Activation.IB_Installation_Version_2_Test" tests="3" failures="0" timestamp="18 Nov 2019 10:06:38 GMT" time="62.701" errors="0">
  <testcase name="check_title" time="0.233" classname="in.dishtv.Activation.IB_Installation_Version_2_Test"/>
  <testcase name="Installation_mousehover" time="8.048" classname="in.dishtv.Activation.IB_Installation_Version_2_Test"/>
  <testcase name="WriteActivation_Data" time="54.420" classname="in.dishtv.Activation.IB_Installation_Version_2_Test"/>
</testsuite> <!-- in.dishtv.Activation.IB_Installation_Version_2_Test -->
