<?xml version="1.0" encoding="UTF-8"?>
<!-- Generated by org.testng.reporters.JUnitReportReporter -->
<testsuite hostname="IT-SANTOSHB" name="in.easypay.generictest.LoginLogouteasypaytest" tests="1" failures="0" timestamp="4 Apr 2019 12:08:45 GMT" time="8.388" errors="0">
  <testcase name="easyPay_Valid_Login_0001" time="8.388" classname="in.easypay.generictest.LoginLogouteasypaytest"/>
</testsuite> <!-- in.easypay.generictest.LoginLogouteasypaytest -->
