<?xml version="1.0" encoding="UTF-8"?>
<!-- Generated by org.testng.reporters.JUnitReportReporter -->
<testsuite hostname="IT-VivekK" name="in.dishtv.IB_CRM_Dishtv.IBloginlogout_test" tests="2" failures="0" timestamp="3 Mar 2021 11:48:03 GMT" time="12.331" errors="0">
  <testcase name="IBLoginValidUseridValidPassword" time="8.138" classname="in.dishtv.IB_CRM_Dishtv.IBloginlogout_test"/>
  <testcase name="ActivationULRlaunch" time="4.193" classname="in.dishtv.IB_CRM_Dishtv.IBloginlogout_test"/>
</testsuite> <!-- in.dishtv.IB_CRM_Dishtv.IBloginlogout_test -->
