<?xml version="1.0" encoding="UTF-8"?>
<!-- Generated by org.testng.reporters.JUnitReportReporter -->
<testsuite hostname="IT-SANTOSHB" name="in.dishtv.Activation.NTO_login_Test" tests="2" failures="0" timestamp="27 May 2019 08:29:42 GMT" time="3.491" errors="0">
  <testcase name="ActivationULRlaunch" time="1.650" classname="in.dishtv.Activation.NTO_login_Test"/>
  <testcase name="InstallationLoginValidUseridValidPassword" time="1.841" classname="in.dishtv.Activation.NTO_login_Test"/>
</testsuite> <!-- in.dishtv.Activation.NTO_login_Test -->
