<?xml version="1.0" encoding="UTF-8"?>
<!-- Generated by org.testng.reporters.JUnitReportReporter -->
<testsuite hostname="IT-SANTOSHB" name="in.dishtv.Phoenix.PhoenixECAFTest" tests="1" failures="0" timestamp="1 Apr 2019 11:36:32 GMT" time="11.688" errors="0">
  <testcase name="ToVerify_Pending_eSAF" time="11.688" classname="in.dishtv.Phoenix.PhoenixECAFTest"/>
</testsuite> <!-- in.dishtv.Phoenix.PhoenixECAFTest -->
