<?xml version="1.0" encoding="UTF-8"?>
<!-- Generated by org.testng.reporters.JUnitReportReporter -->
<testsuite hostname="IT-SANTOSHB" name="in.easypay.generictest.Easypay_Distributor_LandingTest" tests="1" failures="0" timestamp="4 Apr 2019 12:08:45 GMT" time="2.177" errors="0">
  <testcase name="Easy_Distributor_infomsg_closs" time="2.177" classname="in.easypay.generictest.Easypay_Distributor_LandingTest"/>
</testsuite> <!-- in.easypay.generictest.Easypay_Distributor_LandingTest -->
