<?xml version="1.0" encoding="UTF-8"?>
<!-- Generated by org.testng.reporters.JUnitReportReporter -->
<testsuite hostname="IT-VivekK" name="RunExe.RunExe.dCCone" tests="1" failures="0" timestamp="7 Jul 2023 12:16:14 GMT" time="19.477" errors="0">
  <testcase name="testUntitledTestCase" time="19.477" classname="RunExe.RunExe.dCCone"/>
</testsuite> <!-- RunExe.RunExe.dCCone -->
